#
# There is insufficient memory for the Java Runtime Environment to continue.
# Native memory allocation (malloc) failed to allocate 1048576 bytes for AllocateHeap
# Possible reasons:
#   The system is out of physical RAM or swap space
#   In 32 bit mode, the process size limit was hit
# Possible solutions:
#   Reduce memory load on the system
#   Increase physical memory or swap space
#   Check if swap backing store is full
#   Use 64 bit Java on a 64 bit OS
#   Decrease Java heap size (-Xmx/-Xms)
#   Decrease number of Java threads
#   Decrease Java thread stack sizes (-Xss)
#   Set larger code cache with -XX:ReservedCodeCacheSize=
# This output file may be truncated or incomplete.
#
#  Out of Memory Error (memory/allocation.inline.hpp:61), pid=6164, tid=0x0000000000001440
#
# JRE version:  (8.0_102-b14) (build )
# Java VM: Java HotSpot(TM) 64-Bit Server VM (25.102-b14 mixed mode windows-amd64 compressed oops)
# Failed to write core dump. Minidumps are not enabled by default on client versions of Windows
#

---------------  T H R E A D  ---------------

Current thread (0x0000000002cb0800):  JavaThread "Unknown thread" [_thread_in_vm, id=5184, stack(0x0000000002b10000,0x0000000002c10000)]

Stack: [0x0000000002b10000,0x0000000002c10000]
[error occurred during error reporting (printing stack bounds), id 0xc0000005]

Native frames: (J=compiled Java code, j=interpreted, Vv=VM code, C=native code)


---------------  P R O C E S S  ---------------

Java Threads: ( => current thread )

Other Threads:

=>0x0000000002cb0800 (exited) JavaThread "Unknown thread" [_thread_in_vm, id=5184, stack(0x0000000002b10000,0x0000000002c10000)]

VM state:not at safepoint (normal execution)

VM Mutex/Monitor currently owned by a thread: None

Heap:
 PSYoungGen      total 28672K, used 491K [0x00000000e0400000, 0x00000000e2400000, 0x0000000100000000)
  eden space 24576K, 2% used [0x00000000e0400000,0x00000000e047ae20,0x00000000e1c00000)
  from space 4096K, 0% used [0x00000000e2000000,0x00000000e2000000,0x00000000e2400000)
  to   space 4096K, 0% used [0x00000000e1c00000,0x00000000e1c00000,0x00000000e2000000)
 ParOldGen       total 65536K, used 0K [0x00000000a0c00000, 0x00000000a4c00000, 0x00000000e0400000)
  object space 65536K, 0% used [0x00000000a0c00000,0x00000000a0c00000,0x00000000a4c00000)
 Metaspace       used 770K, capacity 4480K, committed 4480K, reserved 1056768K
  class space    used 75K, capacity 384K, committed 384K, reserved 1048576K

Card table byte_map: [0x0000000012170000,0x0000000012470000] byte_map_base: 0x0000000011c6a000

Marking Bits: (ParMarkBitMap*) 0x0000000050cda6c0
 Begin Bits: [0x0000000012a70000, 0x0000000014240000)
 End Bits:   [0x0000000014240000, 0x0000000015a10000)

Polling page: 0x0000000000dd0000

CodeCache: size=245760Kb used=328Kb max_used=328Kb free=245431Kb
 bounds [0x0000000002db0000, 0x0000000003020000, 0x0000000011db0000]
 total_blobs=58 nmethods=0 adapters=38
 compilation: enabled

Compilation events (0 events):
No events

GC Heap History (0 events):
No events

Deoptimization events (0 events):
No events

Internal exceptions (0 events):
No events

Events (10 events):
Event: 0.027 loading class java/lang/Short
Event: 0.027 loading class java/lang/Short done
Event: 0.027 loading class java/lang/Integer
Event: 0.027 loading class java/lang/Integer done
Event: 0.027 loading class java/lang/Long
Event: 0.027 loading class java/lang/Long done
Event: 0.028 loading class java/lang/NullPointerException
Event: 0.028 loading class java/lang/NullPointerException done
Event: 0.028 loading class java/lang/ArithmeticException
Event: 0.028 loading class java/lang/ArithmeticException done


Dynamic libraries:
0x00007ff6b3360000 - 0x00007ff6b3397000 	C:\Program Files\Java\jdk1.8.0_102\jre\bin\java.exe
0x00007ffae1780000 - 0x00007ffae1951000 	C:\WINDOWS\SYSTEM32\ntdll.dll
0x00007ffae0620000 - 0x00007ffae06cb000 	C:\WINDOWS\System32\KERNEL32.DLL
0x00007ffaddc70000 - 0x00007ffadde8d000 	C:\WINDOWS\System32\KERNELBASE.dll
0x00007ffaded40000 - 0x00007ffadede2000 	C:\WINDOWS\System32\ADVAPI32.dll
0x00007ffadedf0000 - 0x00007ffadee8e000 	C:\WINDOWS\System32\msvcrt.dll
0x00007ffae1680000 - 0x00007ffae16d9000 	C:\WINDOWS\System32\sechost.dll
0x00007ffae08d0000 - 0x00007ffae09f1000 	C:\WINDOWS\System32\RPCRT4.dll
0x00007ffae0e10000 - 0x00007ffae0f75000 	C:\WINDOWS\System32\USER32.dll
0x00007ffade420000 - 0x00007ffade43e000 	C:\WINDOWS\System32\win32u.dll
0x00007ffae0a00000 - 0x00007ffae0a34000 	C:\WINDOWS\System32\GDI32.dll
0x00007ffade4a0000 - 0x00007ffade622000 	C:\WINDOWS\System32\gdi32full.dll
0x00007ffacf3e0000 - 0x00007ffacf659000 	C:\WINDOWS\WinSxS\amd64_microsoft.windows.common-controls_6595b64144ccf1df_6.0.14393.0_none_2d0f50fcbdb171b8\COMCTL32.dll
0x00007ffae0a40000 - 0x00007ffae0d07000 	C:\WINDOWS\System32\combase.dll
0x00007ffaddf00000 - 0x00007ffaddff5000 	C:\WINDOWS\System32\ucrtbase.dll
0x00007ffadde90000 - 0x00007ffaddefa000 	C:\WINDOWS\System32\bcryptPrimitives.dll
0x00007ffae16e0000 - 0x00007ffae170e000 	C:\WINDOWS\System32\IMM32.DLL
0x0000000077910000 - 0x00000000779e1000 	C:\Program Files\Java\jdk1.8.0_102\jre\bin\msvcr100.dll
0x00000000504c0000 - 0x0000000050d5a000 	C:\Program Files\Java\jdk1.8.0_102\jre\bin\server\jvm.dll
0x00007ffae0610000 - 0x00007ffae0618000 	C:\WINDOWS\System32\PSAPI.DLL
0x00007ffad7d40000 - 0x00007ffad7d4a000 	C:\WINDOWS\SYSTEM32\VERSION.dll
0x00007ffaca6a0000 - 0x00007ffaca6a9000 	C:\WINDOWS\SYSTEM32\WSOCK32.dll
0x00007ffadc070000 - 0x00007ffadc093000 	C:\WINDOWS\SYSTEM32\WINMM.dll
0x00007ffae1710000 - 0x00007ffae177a000 	C:\WINDOWS\System32\WS2_32.dll
0x00007ffadc010000 - 0x00007ffadc03b000 	C:\WINDOWS\SYSTEM32\WINMMBASE.dll
0x00007ffade3d0000 - 0x00007ffade412000 	C:\WINDOWS\System32\cfgmgr32.dll
0x0000000050fc0000 - 0x0000000050fcf000 	C:\Program Files\Java\jdk1.8.0_102\jre\bin\verify.dll
0x0000000050f90000 - 0x0000000050fb9000 	C:\Program Files\Java\jdk1.8.0_102\jre\bin\java.dll
0x0000000050f70000 - 0x0000000050f86000 	C:\Program Files\Java\jdk1.8.0_102\jre\bin\zip.dll

VM Arguments:
java_command: C:\Users\nanob\Desktop\JavaWorks\ServletForUsers\target\surefire\surefirebooter5661710273857227656.jar C:\Users\nanob\Desktop\JavaWorks\ServletForUsers\target\surefire\surefire3773570106220651032tmp C:\Users\nanob\Desktop\JavaWorks\ServletForUsers\target\surefire\surefire6041092648687042541tmp
java_class_path (initial): C:\Users\nanob\Desktop\JavaWorks\ServletForUsers\target\surefire\surefirebooter5661710273857227656.jar
Launcher Type: SUN_STANDARD

Environment Variables:
PATH=C:\Program Files\NVIDIA GPU Computing Toolkit\CUDA\v8.0\bin;C:\Program Files\NVIDIA GPU Computing Toolkit\CUDA\v8.0\libnvvp;C:\ProgramData\Oracle\Java\javapath;C:\Windows\system32;C:\Windows;C:\Windows\System32\Wbem;C:\Windows\System32\WindowsPowerShell\v1.0\;C:\Program Files (x86)\Windows Kits\8.1\Windows Performance Toolkit\;C:\Program Files (x86)\NVIDIA Corporation\PhysX\Common;C:\WINDOWS\system32;C:\WINDOWS;C:\WINDOWS\System32\Wbem;C:\WINDOWS\System32\WindowsPowerShell\v1.0\;C:\Program Files\Java\jdk1.8.0_74\bin;C:\Users\nanob\AppData\Local\Microsoft\WindowsApps;
USERNAME=nanoboot
OS=Windows_NT
PROCESSOR_IDENTIFIER=Intel64 Family 6 Model 58 Stepping 9, GenuineIntel



---------------  S Y S T E M  ---------------

OS: Windows 10.0 , 64 bit Build 14393 (10.0.14393.0)

CPU:total 4 (2 cores per cpu, 2 threads per core) family 6 model 58 stepping 9, cmov, cx8, fxsr, mmx, sse, sse2, sse3, ssse3, sse4.1, sse4.2, popcnt, avx, aes, clmul, erms, ht, tsc, tscinvbit, tscinv

Memory: 4k page, physical 6240620k(1581044k free), swap 6240620k(5740k free)

vm_info: Java HotSpot(TM) 64-Bit Server VM (25.102-b14) for windows-amd64 JRE (1.8.0_102-b14), built on Jun 22 2016 13:15:21 by "java_re" with MS VC++ 10.0 (VS2010)

time: Wed Nov 02 10:44:03 2016
elapsed time: 0 seconds (0d 0h 0m 0s)

