#
# There is insufficient memory for the Java Runtime Environment to continue.
# Native memory allocation (malloc) failed to allocate 1048576 bytes for AllocateHeap
# Possible reasons:
#   The system is out of physical RAM or swap space
#   In 32 bit mode, the process size limit was hit
# Possible solutions:
#   Reduce memory load on the system
#   Increase physical memory or swap space
#   Check if swap backing store is full
#   Use 64 bit Java on a 64 bit OS
#   Decrease Java heap size (-Xmx/-Xms)
#   Decrease number of Java threads
#   Decrease Java thread stack sizes (-Xss)
#   Set larger code cache with -XX:ReservedCodeCacheSize=
# This output file may be truncated or incomplete.
#
#  Out of Memory Error (memory/allocation.inline.hpp:61), pid=3164, tid=0x0000000000002464
#
# JRE version:  (8.0_102-b14) (build )
# Java VM: Java HotSpot(TM) 64-Bit Server VM (25.102-b14 mixed mode windows-amd64 compressed oops)
# Failed to write core dump. Minidumps are not enabled by default on client versions of Windows
#

---------------  T H R E A D  ---------------

Current thread (0x0000000002ed0800):  JavaThread "Unknown thread" [_thread_in_vm, id=9316, stack(0x0000000002dd0000,0x0000000002ed0000)]

Stack: [0x0000000002dd0000,0x0000000002ed0000]
[error occurred during error reporting (printing stack bounds), id 0xc0000005]

Native frames: (J=compiled Java code, j=interpreted, Vv=VM code, C=native code)


---------------  P R O C E S S  ---------------

Java Threads: ( => current thread )

Other Threads:

=>0x0000000002ed0800 (exited) JavaThread "Unknown thread" [_thread_in_vm, id=9316, stack(0x0000000002dd0000,0x0000000002ed0000)]

VM state:not at safepoint (normal execution)

VM Mutex/Monitor currently owned by a thread: None

Heap:
 PSYoungGen      total 28672K, used 491K [0x00000000e0400000, 0x00000000e2400000, 0x0000000100000000)
  eden space 24576K, 2% used [0x00000000e0400000,0x00000000e047ae20,0x00000000e1c00000)
  from space 4096K, 0% used [0x00000000e2000000,0x00000000e2000000,0x00000000e2400000)
  to   space 4096K, 0% used [0x00000000e1c00000,0x00000000e1c00000,0x00000000e2000000)
 ParOldGen       total 65536K, used 0K [0x00000000a0c00000, 0x00000000a4c00000, 0x00000000e0400000)
  object space 65536K, 0% used [0x00000000a0c00000,0x00000000a0c00000,0x00000000a4c00000)
 Metaspace       used 770K, capacity 4480K, committed 4480K, reserved 1056768K
  class space    used 75K, capacity 384K, committed 384K, reserved 1048576K

Card table byte_map: [0x0000000012390000,0x0000000012690000] byte_map_base: 0x0000000011e8a000

Marking Bits: (ParMarkBitMap*) 0x0000000055eca6c0
 Begin Bits: [0x0000000012c90000, 0x0000000014460000)
 End Bits:   [0x0000000014460000, 0x0000000015c30000)

Polling page: 0x0000000002c20000

CodeCache: size=245760Kb used=328Kb max_used=328Kb free=245431Kb
 bounds [0x0000000002fd0000, 0x0000000003240000, 0x0000000011fd0000]
 total_blobs=58 nmethods=0 adapters=38
 compilation: enabled

Compilation events (0 events):
No events

GC Heap History (0 events):
No events

Deoptimization events (0 events):
No events

Internal exceptions (0 events):
No events

Events (10 events):
Event: 0.022 loading class java/lang/Short
Event: 0.022 loading class java/lang/Short done
Event: 0.022 loading class java/lang/Integer
Event: 0.022 loading class java/lang/Integer done
Event: 0.022 loading class java/lang/Long
Event: 0.022 loading class java/lang/Long done
Event: 0.023 loading class java/lang/NullPointerException
Event: 0.023 loading class java/lang/NullPointerException done
Event: 0.023 loading class java/lang/ArithmeticException
Event: 0.023 loading class java/lang/ArithmeticException done


Dynamic libraries:
0x00007ff7fd550000 - 0x00007ff7fd587000 	C:\Program Files\Java\jdk1.8.0_102\jre\bin\java.exe
0x00007ffc3b650000 - 0x00007ffc3b821000 	C:\WINDOWS\SYSTEM32\ntdll.dll
0x00007ffc39230000 - 0x00007ffc392db000 	C:\WINDOWS\System32\KERNEL32.DLL
0x00007ffc37ef0000 - 0x00007ffc3810d000 	C:\WINDOWS\System32\KERNELBASE.dll
0x00007ffc390e0000 - 0x00007ffc39182000 	C:\WINDOWS\System32\ADVAPI32.dll
0x00007ffc39190000 - 0x00007ffc3922e000 	C:\WINDOWS\System32\msvcrt.dll
0x00007ffc3ae80000 - 0x00007ffc3aed9000 	C:\WINDOWS\System32\sechost.dll
0x00007ffc3b040000 - 0x00007ffc3b161000 	C:\WINDOWS\System32\RPCRT4.dll
0x00007ffc3b270000 - 0x00007ffc3b3d5000 	C:\WINDOWS\System32\USER32.dll
0x00007ffc37b40000 - 0x00007ffc37b5e000 	C:\WINDOWS\System32\win32u.dll
0x00007ffc3b1d0000 - 0x00007ffc3b204000 	C:\WINDOWS\System32\GDI32.dll
0x00007ffc37d10000 - 0x00007ffc37e92000 	C:\WINDOWS\System32\gdi32full.dll
0x00007ffc29df0000 - 0x00007ffc2a069000 	C:\WINDOWS\WinSxS\amd64_microsoft.windows.common-controls_6595b64144ccf1df_6.0.14393.0_none_2d0f50fcbdb171b8\COMCTL32.dll
0x00007ffc3a8b0000 - 0x00007ffc3ab77000 	C:\WINDOWS\System32\combase.dll
0x00007ffc38110000 - 0x00007ffc38205000 	C:\WINDOWS\System32\ucrtbase.dll
0x00007ffc383e0000 - 0x00007ffc3844a000 	C:\WINDOWS\System32\bcryptPrimitives.dll
0x00007ffc3b170000 - 0x00007ffc3b19e000 	C:\WINDOWS\System32\IMM32.DLL
0x0000000055110000 - 0x00000000551e1000 	C:\Program Files\Java\jdk1.8.0_102\jre\bin\msvcr100.dll
0x00000000556b0000 - 0x0000000055f4a000 	C:\Program Files\Java\jdk1.8.0_102\jre\bin\server\jvm.dll
0x00007ffc3b030000 - 0x00007ffc3b038000 	C:\WINDOWS\System32\PSAPI.DLL
0x00007ffc31d70000 - 0x00007ffc31d7a000 	C:\WINDOWS\SYSTEM32\VERSION.dll
0x00007ffc35f40000 - 0x00007ffc35f63000 	C:\WINDOWS\SYSTEM32\WINMM.dll
0x00007ffc24320000 - 0x00007ffc24329000 	C:\WINDOWS\SYSTEM32\WSOCK32.dll
0x00007ffc3b3e0000 - 0x00007ffc3b44a000 	C:\WINDOWS\System32\WS2_32.dll
0x0000000002bd0000 - 0x0000000002bfb000 	C:\WINDOWS\SYSTEM32\WINMMBASE.dll
0x00007ffc37ea0000 - 0x00007ffc37ee2000 	C:\WINDOWS\System32\cfgmgr32.dll
0x0000000056700000 - 0x000000005670f000 	C:\Program Files\Java\jdk1.8.0_102\jre\bin\verify.dll
0x00000000555a0000 - 0x00000000555c9000 	C:\Program Files\Java\jdk1.8.0_102\jre\bin\java.dll
0x0000000055580000 - 0x0000000055596000 	C:\Program Files\Java\jdk1.8.0_102\jre\bin\zip.dll

VM Arguments:
java_command: C:\Users\nanob\Desktop\JavaWorks\ServletForUsers\target\surefire\surefirebooter4683473877204973673.jar C:\Users\nanob\Desktop\JavaWorks\ServletForUsers\target\surefire\surefire7384575215060447415tmp C:\Users\nanob\Desktop\JavaWorks\ServletForUsers\target\surefire\surefire7819880061444035784tmp
java_class_path (initial): C:\Users\nanob\Desktop\JavaWorks\ServletForUsers\target\surefire\surefirebooter4683473877204973673.jar
Launcher Type: SUN_STANDARD

Environment Variables:
PATH=C:\Program Files\NVIDIA GPU Computing Toolkit\CUDA\v8.0\bin;C:\Program Files\NVIDIA GPU Computing Toolkit\CUDA\v8.0\libnvvp;C:\ProgramData\Oracle\Java\javapath;C:\Windows\system32;C:\Windows;C:\Windows\System32\Wbem;C:\Windows\System32\WindowsPowerShell\v1.0\;C:\Program Files (x86)\Windows Kits\8.1\Windows Performance Toolkit\;C:\Program Files (x86)\NVIDIA Corporation\PhysX\Common;C:\WINDOWS\system32;C:\WINDOWS;C:\WINDOWS\System32\Wbem;C:\WINDOWS\System32\WindowsPowerShell\v1.0\;C:\Program Files\Java\jdk1.8.0_74\bin;C:\Users\nanob\AppData\Local\Microsoft\WindowsApps;
USERNAME=nanoboot
OS=Windows_NT
PROCESSOR_IDENTIFIER=Intel64 Family 6 Model 58 Stepping 9, GenuineIntel



---------------  S Y S T E M  ---------------

OS: Windows 10.0 , 64 bit Build 14393 (10.0.14393.0)

CPU:total 4 (2 cores per cpu, 2 threads per core) family 6 model 58 stepping 9, cmov, cx8, fxsr, mmx, sse, sse2, sse3, ssse3, sse4.1, sse4.2, popcnt, avx, aes, clmul, erms, ht, tsc, tscinvbit, tscinv

Memory: 4k page, physical 6240620k(1456868k free), swap 6240620k(5608k free)

vm_info: Java HotSpot(TM) 64-Bit Server VM (25.102-b14) for windows-amd64 JRE (1.8.0_102-b14), built on Jun 22 2016 13:15:21 by "java_re" with MS VC++ 10.0 (VS2010)

time: Thu Oct 27 15:17:32 2016
elapsed time: 0 seconds (0d 0h 0m 0s)

