#
# There is insufficient memory for the Java Runtime Environment to continue.
# Native memory allocation (malloc) failed to allocate 32744 bytes for ChunkPool::allocate
# Possible reasons:
#   The system is out of physical RAM or swap space
#   In 32 bit mode, the process size limit was hit
# Possible solutions:
#   Reduce memory load on the system
#   Increase physical memory or swap space
#   Check if swap backing store is full
#   Use 64 bit Java on a 64 bit OS
#   Decrease Java heap size (-Xmx/-Xms)
#   Decrease number of Java threads
#   Decrease Java thread stack sizes (-Xss)
#   Set larger code cache with -XX:ReservedCodeCacheSize=
# This output file may be truncated or incomplete.
#
#  Out of Memory Error (allocation.cpp:273), pid=11220, tid=0x0000000000002958
#
# JRE version: Java(TM) SE Runtime Environment (8.0_102-b14) (build 1.8.0_102-b14)
# Java VM: Java HotSpot(TM) 64-Bit Server VM (25.102-b14 mixed mode windows-amd64 compressed oops)
# Failed to write core dump. Minidumps are not enabled by default on client versions of Windows
#

---------------  T H R E A D  ---------------

Current thread (0x00000000163a3800):  JavaThread "C1 CompilerThread2" daemon [_thread_in_native, id=10584, stack(0x0000000017c20000,0x0000000017d20000)]

Stack: [0x0000000017c20000,0x0000000017d20000]
[error occurred during error reporting (printing stack bounds), id 0xc0000005]

Native frames: (J=compiled Java code, j=interpreted, Vv=VM code, C=native code)


Current CompileTask:
C1:   2968 2488       3       com.sun.tools.javac.comp.Attr::visitSelect (1224 bytes)


---------------  P R O C E S S  ---------------

Java Threads: ( => current thread )
  0x0000000017dca000 JavaThread "Monitor Ctrl-Break" daemon [_thread_in_native, id=10596, stack(0x0000000018800000,0x0000000018900000)]
  0x0000000017d4c800 JavaThread "Service Thread" daemon [_thread_blocked, id=11192, stack(0x0000000018120000,0x0000000018220000)]
=>0x00000000163a3800 JavaThread "C1 CompilerThread2" daemon [_thread_in_native, id=10584, stack(0x0000000017c20000,0x0000000017d20000)]
  0x000000001639f000 JavaThread "C2 CompilerThread1" daemon [_thread_in_native, id=10360, stack(0x0000000017b20000,0x0000000017c20000)]
  0x000000001639c800 JavaThread "C2 CompilerThread0" daemon [_thread_in_native, id=10372, stack(0x0000000017a20000,0x0000000017b20000)]
  0x000000001639b000 JavaThread "Attach Listener" daemon [_thread_blocked, id=2168, stack(0x0000000017920000,0x0000000017a20000)]
  0x00000000163a9800 JavaThread "Signal Dispatcher" daemon [_thread_blocked, id=10356, stack(0x0000000017820000,0x0000000017920000)]
  0x000000001638a800 JavaThread "Finalizer" daemon [_thread_blocked, id=10352, stack(0x0000000017630000,0x0000000017730000)]
  0x0000000002a91800 JavaThread "Reference Handler" daemon [_thread_blocked, id=2468, stack(0x0000000017530000,0x0000000017630000)]
  0x00000000029a0800 JavaThread "main" [_thread_in_Java, id=10656, stack(0x0000000002840000,0x0000000002940000)]

Other Threads:
  0x0000000016368000 VMThread [stack: 0x0000000017430000,0x0000000017530000] [id=8112]
  0x0000000017d68000 WatcherThread [stack: 0x0000000018600000,0x0000000018700000] [id=10580]

VM state:not at safepoint (normal execution)

VM Mutex/Monitor currently owned by a thread: None

Heap:
 PSYoungGen      total 28672K, used 9475K [0x00000000e0400000, 0x00000000e4900000, 0x0000000100000000)
  eden space 24576K, 21% used [0x00000000e0400000,0x00000000e0946958,0x00000000e1c00000)
  from space 4096K, 99% used [0x00000000e1c00000,0x00000000e1ffa488,0x00000000e2000000)
  to   space 10752K, 0% used [0x00000000e3e80000,0x00000000e3e80000,0x00000000e4900000)
 ParOldGen       total 65536K, used 10636K [0x00000000a0c00000, 0x00000000a4c00000, 0x00000000e0400000)
  object space 65536K, 16% used [0x00000000a0c00000,0x00000000a1663178,0x00000000a4c00000)
 Metaspace       used 18237K, capacity 18608K, committed 18816K, reserved 1064960K
  class space    used 2238K, capacity 2345K, committed 2432K, reserved 1048576K

Card table byte_map: [0x0000000011e60000,0x0000000012160000] byte_map_base: 0x000000001195a000

Marking Bits: (ParMarkBitMap*) 0x0000000064f0a6c0
 Begin Bits: [0x0000000012760000, 0x0000000013f30000)
 End Bits:   [0x0000000013f30000, 0x0000000015700000)

Polling page: 0x0000000002800000

CodeCache: size=245760Kb used=8507Kb max_used=8507Kb free=237252Kb
 bounds [0x0000000002aa0000, 0x0000000003300000, 0x0000000011aa0000]
 total_blobs=2844 nmethods=2483 adapters=273
 compilation: enabled

Compilation events (10 events):
Event: 2.954 Thread 0x00000000163a3800 nmethod 2483 0x00000000032f3fd0 code [0x00000000032f4120, 0x00000000032f42d0]
Event: 2.955 Thread 0x00000000163a3800 2484       3       com.sun.tools.javac.code.Type::map (52 bytes)
Event: 2.956 Thread 0x00000000163a3800 nmethod 2484 0x00000000032f4350 code [0x00000000032f4500, 0x00000000032f4cd8]
Event: 2.956 Thread 0x00000000163a3800 2485       3       com.sun.tools.javac.code.Type::isCompound (32 bytes)
Event: 2.956 Thread 0x00000000163a3800 nmethod 2485 0x00000000032f4fd0 code [0x00000000032f5140, 0x00000000032f5408]
Event: 2.956 Thread 0x00000000163a3800 2486       3       com.sun.tools.javac.comp.Check::checkDeprecated (55 bytes)
Event: 2.956 Thread 0x00000000163a3800 nmethod 2486 0x00000000032f54d0 code [0x00000000032f56a0, 0x00000000032f5cd8]
Event: 2.956 Thread 0x00000000163a3800 2487       3       com.sun.tools.javac.comp.Env::<init> (45 bytes)
Event: 2.957 Thread 0x00000000163a3800 nmethod 2487 0x00000000032f5f10 code [0x00000000032f6060, 0x00000000032f6290]
Event: 2.957 Thread 0x00000000163a3800 2488       3       com.sun.tools.javac.comp.Attr::visitSelect (1224 bytes)

GC Heap History (10 events):
Event: 0.547 GC heap before
{Heap before GC invocations=1 (full 0):
 PSYoungGen      total 28672K, used 24576K [0x00000000e0400000, 0x00000000e2400000, 0x0000000100000000)
  eden space 24576K, 100% used [0x00000000e0400000,0x00000000e1c00000,0x00000000e1c00000)
  from space 4096K, 0% used [0x00000000e2000000,0x00000000e2000000,0x00000000e2400000)
  to   space 4096K, 0% used [0x00000000e1c00000,0x00000000e1c00000,0x00000000e2000000)
 ParOldGen       total 65536K, used 0K [0x00000000a0c00000, 0x00000000a4c00000, 0x00000000e0400000)
  object space 65536K, 0% used [0x00000000a0c00000,0x00000000a0c00000,0x00000000a4c00000)
 Metaspace       used 7129K, capacity 7272K, committed 7424K, reserved 1056768K
  class space    used 876K, capacity 956K, committed 1024K, reserved 1048576K
Event: 0.551 GC heap after
Heap after GC invocations=1 (full 0):
 PSYoungGen      total 28672K, used 3652K [0x00000000e0400000, 0x00000000e2400000, 0x0000000100000000)
  eden space 24576K, 0% used [0x00000000e0400000,0x00000000e0400000,0x00000000e1c00000)
  from space 4096K, 89% used [0x00000000e1c00000,0x00000000e1f910c0,0x00000000e2000000)
  to   space 4096K, 0% used [0x00000000e2000000,0x00000000e2000000,0x00000000e2400000)
 ParOldGen       total 65536K, used 8K [0x00000000a0c00000, 0x00000000a4c00000, 0x00000000e0400000)
  object space 65536K, 0% used [0x00000000a0c00000,0x00000000a0c02000,0x00000000a4c00000)
 Metaspace       used 7129K, capacity 7272K, committed 7424K, reserved 1056768K
  class space    used 876K, capacity 956K, committed 1024K, reserved 1048576K
}
Event: 0.914 GC heap before
{Heap before GC invocations=2 (full 0):
 PSYoungGen      total 28672K, used 28228K [0x00000000e0400000, 0x00000000e2400000, 0x0000000100000000)
  eden space 24576K, 100% used [0x00000000e0400000,0x00000000e1c00000,0x00000000e1c00000)
  from space 4096K, 89% used [0x00000000e1c00000,0x00000000e1f910c0,0x00000000e2000000)
  to   space 4096K, 0% used [0x00000000e2000000,0x00000000e2000000,0x00000000e2400000)
 ParOldGen       total 65536K, used 8K [0x00000000a0c00000, 0x00000000a4c00000, 0x00000000e0400000)
  object space 65536K, 0% used [0x00000000a0c00000,0x00000000a0c02000,0x00000000a4c00000)
 Metaspace       used 9813K, capacity 9946K, committed 10112K, reserved 1058816K
  class space    used 1258K, capacity 1311K, committed 1408K, reserved 1048576K
Event: 0.918 GC heap after
Heap after GC invocations=2 (full 0):
 PSYoungGen      total 28672K, used 4081K [0x00000000e0400000, 0x00000000e2400000, 0x0000000100000000)
  eden space 24576K, 0% used [0x00000000e0400000,0x00000000e0400000,0x00000000e1c00000)
  from space 4096K, 99% used [0x00000000e2000000,0x00000000e23fc540,0x00000000e2400000)
  to   space 4096K, 0% used [0x00000000e1c00000,0x00000000e1c00000,0x00000000e2000000)
 ParOldGen       total 65536K, used 526K [0x00000000a0c00000, 0x00000000a4c00000, 0x00000000e0400000)
  object space 65536K, 0% used [0x00000000a0c00000,0x00000000a0c83878,0x00000000a4c00000)
 Metaspace       used 9813K, capacity 9946K, committed 10112K, reserved 1058816K
  class space    used 1258K, capacity 1311K, committed 1408K, reserved 1048576K
}
Event: 1.649 GC heap before
{Heap before GC invocations=3 (full 0):
 PSYoungGen      total 28672K, used 28657K [0x00000000e0400000, 0x00000000e2400000, 0x0000000100000000)
  eden space 24576K, 100% used [0x00000000e0400000,0x00000000e1c00000,0x00000000e1c00000)
  from space 4096K, 99% used [0x00000000e2000000,0x00000000e23fc540,0x00000000e2400000)
  to   space 4096K, 0% used [0x00000000e1c00000,0x00000000e1c00000,0x00000000e2000000)
 ParOldGen       total 65536K, used 526K [0x00000000a0c00000, 0x00000000a4c00000, 0x00000000e0400000)
  object space 65536K, 0% used [0x00000000a0c00000,0x00000000a0c83878,0x00000000a4c00000)
 Metaspace       used 12630K, capacity 12828K, committed 12928K, reserved 1060864K
  class space    used 1545K, capacity 1609K, committed 1664K, reserved 1048576K
Event: 1.656 GC heap after
Heap after GC invocations=3 (full 0):
 PSYoungGen      total 28672K, used 4064K [0x00000000e0400000, 0x00000000e2400000, 0x0000000100000000)
  eden space 24576K, 0% used [0x00000000e0400000,0x00000000e0400000,0x00000000e1c00000)
  from space 4096K, 99% used [0x00000000e1c00000,0x00000000e1ff8020,0x00000000e2000000)
  to   space 4096K, 0% used [0x00000000e2000000,0x00000000e2000000,0x00000000e2400000)
 ParOldGen       total 65536K, used 2485K [0x00000000a0c00000, 0x00000000a4c00000, 0x00000000e0400000)
  object space 65536K, 3% used [0x00000000a0c00000,0x00000000a0e6d6a0,0x00000000a4c00000)
 Metaspace       used 12630K, capacity 12828K, committed 12928K, reserved 1060864K
  class space    used 1545K, capacity 1609K, committed 1664K, reserved 1048576K
}
Event: 2.208 GC heap before
{Heap before GC invocations=4 (full 0):
 PSYoungGen      total 28672K, used 28640K [0x00000000e0400000, 0x00000000e2400000, 0x0000000100000000)
  eden space 24576K, 100% used [0x00000000e0400000,0x00000000e1c00000,0x00000000e1c00000)
  from space 4096K, 99% used [0x00000000e1c00000,0x00000000e1ff8020,0x00000000e2000000)
  to   space 4096K, 0% used [0x00000000e2000000,0x00000000e2000000,0x00000000e2400000)
 ParOldGen       total 65536K, used 2485K [0x00000000a0c00000, 0x00000000a4c00000, 0x00000000e0400000)
  object space 65536K, 3% used [0x00000000a0c00000,0x00000000a0e6d6a0,0x00000000a4c00000)
 Metaspace       used 13377K, capacity 13728K, committed 14080K, reserved 1060864K
  class space    used 1628K, capacity 1693K, committed 1792K, reserved 1048576K
Event: 2.214 GC heap after
Heap after GC invocations=4 (full 0):
 PSYoungGen      total 28672K, used 4080K [0x00000000e0400000, 0x00000000e2400000, 0x0000000100000000)
  eden space 24576K, 0% used [0x00000000e0400000,0x00000000e0400000,0x00000000e1c00000)
  from space 4096K, 99% used [0x00000000e2000000,0x00000000e23fc010,0x00000000e2400000)
  to   space 4096K, 0% used [0x00000000e1c00000,0x00000000e1c00000,0x00000000e2000000)
 ParOldGen       total 65536K, used 3908K [0x00000000a0c00000, 0x00000000a4c00000, 0x00000000e0400000)
  object space 65536K, 5% used [0x00000000a0c00000,0x00000000a0fd12b0,0x00000000a4c00000)
 Metaspace       used 13377K, capacity 13728K, committed 14080K, reserved 1060864K
  class space    used 1628K, capacity 1693K, committed 1792K, reserved 1048576K
}
Event: 2.826 GC heap before
{Heap before GC invocations=5 (full 0):
 PSYoungGen      total 28672K, used 28656K [0x00000000e0400000, 0x00000000e2400000, 0x0000000100000000)
  eden space 24576K, 100% used [0x00000000e0400000,0x00000000e1c00000,0x00000000e1c00000)
  from space 4096K, 99% used [0x00000000e2000000,0x00000000e23fc010,0x00000000e2400000)
  to   space 4096K, 0% used [0x00000000e1c00000,0x00000000e1c00000,0x00000000e2000000)
 ParOldGen       total 65536K, used 3908K [0x00000000a0c00000, 0x00000000a4c00000, 0x00000000e0400000)
  object space 65536K, 5% used [0x00000000a0c00000,0x00000000a0fd12b0,0x00000000a4c00000)
 Metaspace       used 17694K, capacity 18032K, committed 18176K, reserved 1064960K
  class space    used 2181K, capacity 2281K, committed 2304K, reserved 1048576K
Event: 2.838 GC heap after
Heap after GC invocations=5 (full 0):
 PSYoungGen      total 28672K, used 4073K [0x00000000e0400000, 0x00000000e4900000, 0x0000000100000000)
  eden space 24576K, 0% used [0x00000000e0400000,0x00000000e0400000,0x00000000e1c00000)
  from space 4096K, 99% used [0x00000000e1c00000,0x00000000e1ffa488,0x00000000e2000000)
  to   space 10752K, 0% used [0x00000000e3e80000,0x00000000e3e80000,0x00000000e4900000)
 ParOldGen       total 65536K, used 10636K [0x00000000a0c00000, 0x00000000a4c00000, 0x00000000e0400000)
  object space 65536K, 16% used [0x00000000a0c00000,0x00000000a1663178,0x00000000a4c00000)
 Metaspace       used 17694K, capacity 18032K, committed 18176K, reserved 1064960K
  class space    used 2181K, capacity 2281K, committed 2304K, reserved 1048576K
}

Deoptimization events (10 events):
Event: 2.564 Thread 0x00000000029a0800 Uncommon trap: reason=class_check action=maybe_recompile pc=0x0000000002c77c58 method=sun.misc.URLClassPath.getLoader(I)Lsun/misc/URLClassPath$Loader; @ 94
Event: 2.568 Thread 0x00000000029a0800 Uncommon trap: reason=class_check action=maybe_recompile pc=0x0000000002c77c58 method=sun.misc.URLClassPath.getLoader(I)Lsun/misc/URLClassPath$Loader; @ 94
Event: 2.620 Thread 0x00000000029a0800 Uncommon trap: reason=unstable_if action=reinterpret pc=0x0000000003196fd8 method=com.sun.tools.javac.parser.UnicodeReader.scanChar()V @ 37
Event: 2.620 Thread 0x00000000029a0800 Uncommon trap: reason=unstable_if action=reinterpret pc=0x0000000003197654 method=com.sun.tools.javac.parser.UnicodeReader.scanChar()V @ 37
Event: 2.620 Thread 0x00000000029a0800 Uncommon trap: reason=unstable_if action=reinterpret pc=0x000000000319a1c8 method=com.sun.tools.javac.parser.UnicodeReader.scanChar()V @ 37
Event: 2.737 Thread 0x00000000029a0800 Uncommon trap: reason=unstable_if action=reinterpret pc=0x00000000031a7c74 method=java.io.WinNTFileSystem.normalize(Ljava/lang/String;)Ljava/lang/String; @ 128
Event: 2.872 Thread 0x00000000029a0800 Uncommon trap: reason=unstable_if action=reinterpret pc=0x0000000003234e70 method=com.sun.tools.javac.util.Name$Table.equals([BI[BII)Z @ 22
Event: 2.919 Thread 0x00000000029a0800 Uncommon trap: reason=bimorphic action=maybe_recompile pc=0x0000000003007f2c method=java.util.HashMap.putVal(ILjava/lang/Object;Ljava/lang/Object;ZZ)Ljava/lang/Object; @ 253
Event: 2.921 Thread 0x00000000029a0800 Uncommon trap: reason=bimorphic action=maybe_recompile pc=0x0000000003007f2c method=java.util.HashMap.putVal(ILjava/lang/Object;Ljava/lang/Object;ZZ)Ljava/lang/Object; @ 253
Event: 2.922 Thread 0x00000000029a0800 Uncommon trap: reason=bimorphic action=maybe_recompile pc=0x0000000003007f2c method=java.util.HashMap.putVal(ILjava/lang/Object;Ljava/lang/Object;ZZ)Ljava/lang/Object; @ 253

Internal exceptions (10 events):
Event: 0.743 Thread 0x00000000029a0800 Exception <a 'java/lang/NoClassDefFoundError'> (0x00000000e10950d8) thrown at [C:\re\workspace\8-2-build-windows-amd64-cygwin\jdk8u102\7268\hotspot\src\share\vm\oops\instanceKlass.cpp, line 964]
Event: 1.307 Thread 0x00000000029a0800 Implicit null exception at 0x0000000002e671d5 to 0x0000000002e673ad
Event: 1.307 Thread 0x00000000029a0800 Implicit null exception at 0x0000000002dbdaef to 0x0000000002dbdb59
Event: 1.354 Thread 0x00000000029a0800 Implicit null exception at 0x0000000002f2f724 to 0x0000000002f2f9ad
Event: 1.588 Thread 0x00000000029a0800 Implicit null exception at 0x0000000002e1f83b to 0x0000000002e1ff65
Event: 1.718 Thread 0x00000000029a0800 Exception <a 'java/lang/NoClassDefFoundError': org/slf4j/Logger> (0x00000000e0628ab8) thrown at [C:\re\workspace\8-2-build-windows-amd64-cygwin\jdk8u102\7268\hotspot\src\share\vm\oops\constantPool.cpp, line 235]
Event: 2.121 Thread 0x00000000029a0800 Exception <a 'java/lang/NoClassDefFoundError': org/slf4j/Logger> (0x00000000e16c9d48) thrown at [C:\re\workspace\8-2-build-windows-amd64-cygwin\jdk8u102\7268\hotspot\src\share\vm\oops\constantPool.cpp, line 235]
Event: 2.223 Thread 0x00000000029a0800 Exception <a 'java/lang/NoClassDefFoundError': org/slf4j/Logger> (0x00000000e048a958) thrown at [C:\re\workspace\8-2-build-windows-amd64-cygwin\jdk8u102\7268\hotspot\src\share\vm\oops\constantPool.cpp, line 235]
Event: 2.706 Thread 0x00000000029a0800 Exception <a 'java/io/FileNotFoundException'> (0x00000000e159e170) thrown at [C:\re\workspace\8-2-build-windows-amd64-cygwin\jdk8u102\7268\hotspot\src\share\vm\prims\jni.cpp, line 709]
Event: 2.713 Thread 0x00000000029a0800 Exception <a 'java/io/FileNotFoundException'> (0x00000000e15d1ca8) thrown at [C:\re\workspace\8-2-build-windows-amd64-cygwin\jdk8u102\7268\hotspot\src\share\vm\prims\jni.cpp, line 709]

Events (10 events):
Event: 2.921 Thread 0x00000000029a0800 Uncommon trap: trap_request=0xffffffc6 fr.pc=0x0000000003007f2c
Event: 2.921 Thread 0x00000000029a0800 DEOPT PACKING pc=0x0000000003007f2c sp=0x000000000293cd90
Event: 2.921 Thread 0x00000000029a0800 DEOPT UNPACKING pc=0x0000000002ae582a sp=0x000000000293cd08 mode 2
Event: 2.922 Thread 0x00000000029a0800 Uncommon trap: trap_request=0xffffffc6 fr.pc=0x0000000003007f2c
Event: 2.922 Thread 0x00000000029a0800 DEOPT PACKING pc=0x0000000003007f2c sp=0x000000000293cd90
Event: 2.922 Thread 0x00000000029a0800 DEOPT UNPACKING pc=0x0000000002ae582a sp=0x000000000293cd08 mode 2
Event: 2.928 Executing VM operation: Deoptimize
Event: 2.929 Executing VM operation: Deoptimize done
Event: 2.944 loading class javax/tools/StandardLocation$2
Event: 2.944 loading class javax/tools/StandardLocation$2 done


Dynamic libraries:
0x00007ff6efec0000 - 0x00007ff6efef7000 	C:\Program Files\Java\jdk1.8.0_102\bin\java.exe
0x00007ffd1eb90000 - 0x00007ffd1ed61000 	C:\WINDOWS\SYSTEM32\ntdll.dll
0x00007ffd1e260000 - 0x00007ffd1e30b000 	C:\WINDOWS\System32\KERNEL32.DLL
0x00007ffd1b250000 - 0x00007ffd1b46d000 	C:\WINDOWS\System32\KERNELBASE.dll
0x00007ffd1de50000 - 0x00007ffd1def2000 	C:\WINDOWS\System32\ADVAPI32.dll
0x00007ffd1e780000 - 0x00007ffd1e81e000 	C:\WINDOWS\System32\msvcrt.dll
0x00007ffd1df00000 - 0x00007ffd1df59000 	C:\WINDOWS\System32\sechost.dll
0x00007ffd1e920000 - 0x00007ffd1ea41000 	C:\WINDOWS\System32\RPCRT4.dll
0x00007ffd1d650000 - 0x00007ffd1d7b5000 	C:\WINDOWS\System32\USER32.dll
0x00007ffd1be70000 - 0x00007ffd1be8e000 	C:\WINDOWS\System32\win32u.dll
0x00007ffd1de10000 - 0x00007ffd1de44000 	C:\WINDOWS\System32\GDI32.dll
0x00007ffd1bf90000 - 0x00007ffd1c112000 	C:\WINDOWS\System32\gdi32full.dll
0x00007ffd11b00000 - 0x00007ffd11d79000 	C:\WINDOWS\WinSxS\amd64_microsoft.windows.common-controls_6595b64144ccf1df_6.0.14393.0_none_2d0f50fcbdb171b8\COMCTL32.dll
0x00007ffd1e310000 - 0x00007ffd1e5d7000 	C:\WINDOWS\System32\combase.dll
0x00007ffd1be90000 - 0x00007ffd1bf85000 	C:\WINDOWS\System32\ucrtbase.dll
0x00007ffd1b130000 - 0x00007ffd1b19a000 	C:\WINDOWS\System32\bcryptPrimitives.dll
0x00007ffd1dd10000 - 0x00007ffd1dd3e000 	C:\WINDOWS\System32\IMM32.DLL
0x00000000641d0000 - 0x00000000642a1000 	C:\Program Files\Java\jdk1.8.0_102\jre\bin\msvcr100.dll
0x00000000646f0000 - 0x0000000064f8a000 	C:\Program Files\Java\jdk1.8.0_102\jre\bin\server\jvm.dll
0x00007ffd1d640000 - 0x00007ffd1d648000 	C:\WINDOWS\System32\PSAPI.DLL
0x00007ffd16ab0000 - 0x00007ffd16aba000 	C:\WINDOWS\SYSTEM32\VERSION.dll
0x00007ffd19480000 - 0x00007ffd194a3000 	C:\WINDOWS\SYSTEM32\WINMM.dll
0x00007ffd08310000 - 0x00007ffd08319000 	C:\WINDOWS\SYSTEM32\WSOCK32.dll
0x00007ffd1df60000 - 0x00007ffd1dfca000 	C:\WINDOWS\System32\WS2_32.dll
0x00000000027b0000 - 0x00000000027db000 	C:\WINDOWS\SYSTEM32\WINMMBASE.dll
0x00007ffd1b080000 - 0x00007ffd1b0c2000 	C:\WINDOWS\System32\cfgmgr32.dll
0x0000000065c00000 - 0x0000000065c0f000 	C:\Program Files\Java\jdk1.8.0_102\jre\bin\verify.dll
0x0000000065bd0000 - 0x0000000065bf9000 	C:\Program Files\Java\jdk1.8.0_102\jre\bin\java.dll
0x0000000065bb0000 - 0x0000000065bc6000 	C:\Program Files\Java\jdk1.8.0_102\jre\bin\zip.dll
0x00007ffd1c120000 - 0x00007ffd1d628000 	C:\WINDOWS\System32\SHELL32.dll
0x00007ffd1b470000 - 0x00007ffd1bb4a000 	C:\WINDOWS\System32\windows.storage.dll
0x00007ffd1b010000 - 0x00007ffd1b05c000 	C:\WINDOWS\System32\powrprof.dll
0x00007ffd1d7c0000 - 0x00007ffd1d812000 	C:\WINDOWS\System32\shlwapi.dll
0x00007ffd1b060000 - 0x00007ffd1b06f000 	C:\WINDOWS\System32\kernel.appcore.dll
0x00007ffd1bdc0000 - 0x00007ffd1be69000 	C:\WINDOWS\System32\shcore.dll
0x00007ffd1aff0000 - 0x00007ffd1b004000 	C:\WINDOWS\System32\profapi.dll
0x00007ffd19500000 - 0x00007ffd19510000 	C:\Program Files (x86)\JetBrains\IntelliJ IDEA 2016.2.4\bin\breakgen64.dll
0x0000000065b90000 - 0x0000000065baa000 	C:\Program Files\Java\jdk1.8.0_102\jre\bin\net.dll
0x00007ffd1a740000 - 0x00007ffd1a79c000 	C:\WINDOWS\system32\mswsock.dll
0x00000000645f0000 - 0x0000000064601000 	C:\Program Files\Java\jdk1.8.0_102\jre\bin\nio.dll

VM Arguments:
jvm_args: -Dmaven.home=C:\Program Files (x86)\JetBrains\IntelliJ IDEA 2016.2.4\plugins\maven\lib\maven3 -Dclassworlds.conf=C:\Program Files (x86)\JetBrains\IntelliJ IDEA 2016.2.4\plugins\maven\lib\maven3\bin\m2.conf -Didea.launcher.port=7542 -Didea.launcher.bin.path=C:\Program Files (x86)\JetBrains\IntelliJ IDEA 2016.2.4\bin -Dfile.encoding=UTF-8 
java_command: com.intellij.rt.execution.application.AppMain org.codehaus.classworlds.Launcher -Didea.version=2016.2.5 clean package
java_class_path (initial): C:\Program Files (x86)\JetBrains\IntelliJ IDEA 2016.2.4\plugins\maven\lib\maven3\boot\plexus-classworlds-2.4.jar;C:\Program Files (x86)\JetBrains\IntelliJ IDEA 2016.2.4\lib\idea_rt.jar
Launcher Type: SUN_STANDARD

Environment Variables:
PATH=C:\Program Files\NVIDIA GPU Computing Toolkit\CUDA\v8.0\bin;C:\Program Files\NVIDIA GPU Computing Toolkit\CUDA\v8.0\libnvvp;C:\ProgramData\Oracle\Java\javapath;C:\Windows\system32;C:\Windows;C:\Windows\System32\Wbem;C:\Windows\System32\WindowsPowerShell\v1.0\;C:\Program Files (x86)\Windows Kits\8.1\Windows Performance Toolkit\;C:\Program Files (x86)\NVIDIA Corporation\PhysX\Common;C:\WINDOWS\system32;C:\WINDOWS;C:\WINDOWS\System32\Wbem;C:\WINDOWS\System32\WindowsPowerShell\v1.0\;C:\Program Files\Java\jdk1.8.0_74\bin;C:\Users\nanob\AppData\Local\Microsoft\WindowsApps;
USERNAME=nanoboot
OS=Windows_NT
PROCESSOR_IDENTIFIER=Intel64 Family 6 Model 58 Stepping 9, GenuineIntel



---------------  S Y S T E M  ---------------

OS: Windows 10.0 , 64 bit Build 14393 (10.0.14393.0)

CPU:total 4 (2 cores per cpu, 2 threads per core) family 6 model 58 stepping 9, cmov, cx8, fxsr, mmx, sse, sse2, sse3, ssse3, sse4.1, sse4.2, popcnt, avx, aes, clmul, erms, ht, tsc, tscinvbit, tscinv

Memory: 4k page, physical 6240620k(1496896k free), swap 6240620k(4124k free)

vm_info: Java HotSpot(TM) 64-Bit Server VM (25.102-b14) for windows-amd64 JRE (1.8.0_102-b14), built on Jun 22 2016 13:15:21 by "java_re" with MS VC++ 10.0 (VS2010)

time: Thu Oct 20 22:34:29 2016
elapsed time: 2 seconds (0d 0h 0m 2s)

